"../../../../../Projects/AlphabetProject/Content/Alphabet/Art/A/Textures/A_low_DefaultMaterial_Height.uasset" 0
"../../../../../Projects/AlphabetProject/Content/Alphabet/Art/Comma/SKEL_Letter_Comma.uasset" 1
"../../../../../Projects/AlphabetProject/Content/Alphabet/Art/Comma/Animations/A_Letter_Comma_Fall.uasset" 2
"../../../../../Projects/AlphabetProject/Content/Alphabet/Art/Comma/Textures/__low_DefaultMaterial_Height.uasset" 3
"../../../../../Projects/AlphabetProject/Content/Alphabet/Art/Exclamation/Textures/__low_DefaultMaterial_Height.uasset" 4
"../../../../../Projects/AlphabetProject/Content/Alphabet/Art/F/Textures/F_low_DefaultMaterial_Height.uasset" 5
"../../../../../Projects/AlphabetProject/Content/Alphabet/Art/P/Textures/Alphabet_P_low_DefaultMaterial_Height.uasset" 6
"../../../../../Projects/AlphabetProject/Content/Alphabet/Art/Query/Textures/T_Letter_Query_H.uasset" 7
"../../../../../Projects/AlphabetProject/Content/Alphabet/Core/AI/Tasks/BTT_ChooseEnemy.uasset" 8
"../../../../../Projects/AlphabetProject/Content/Alphabet/Core/Engine/M_Invisible.uasset" 9
"../../../Engine/Content/EditorBlueprintResources/StandardMacros.uasset" 10
"../../../../../Projects/AlphabetProject/Content/Alphabet/Core/Engine/S_LevelInfo.uasset" 11
"../../../../../Projects/AlphabetProject/Content/Alphabet/Core/Engine/DT_Levels.uasset" 12
"../../../../../Projects/AlphabetProject/Content/Alphabet/Core/Engine/GI_Main.uasset" 13
"../../../../../Projects/AlphabetProject/Content/Alphabet/Art/A/SKEL_Letter_A.uasset" 14
"../../../../../Projects/AlphabetProject/Content/Alphabet/Art/A/Animations/A_Letter_A_Jump_Double.uasset" 15
"../../../../../Projects/AlphabetProject/Content/Alphabet/Art/A/Animations/A_Letter_A_Jump_End.uasset" 16
"../../../../../Projects/AlphabetProject/Content/Alphabet/Art/A/Animations/A_Letter_A_Jump_Loop.uasset" 17
"../../../../../Projects/AlphabetProject/Content/Alphabet/Art/A/Animations/A_Letter_A_Jump_Start.uasset" 18
"../../../../../Projects/AlphabetProject/Content/Alphabet/Art/A/Animations/A_Letter_A_Run_L.uasset" 19
"../../../../../Projects/AlphabetProject/Content/Alphabet/Art/A/Animations/A_Letter_A_Run_R.uasset" 20
"../../../../../Projects/AlphabetProject/Content/Alphabet/Art/A/Animations/A_Letter_A_Stand_Loop_L.uasset" 21
"../../../../../Projects/AlphabetProject/Content/Alphabet/Art/A/Animations/A_Letter_A_Stand_Loop_R.uasset" 22
"../../../../../Projects/AlphabetProject/Content/Alphabet/Art/A/Animations/BS_Letter_A_1D.uasset" 23
"../../../../../Projects/AlphabetProject/Content/Alphabet/Core/Engine/AN_DamageEnd.uasset" 24
"../../../../../Projects/AlphabetProject/Content/Alphabet/Core/Engine/AN_DamageStart.uasset" 25
"../../../../../Projects/AlphabetProject/Content/Alphabet/Core/Engine/AN_ResetCombo.uasset" 26
"../../../../../Projects/AlphabetProject/Content/Alphabet/Core/Engine/AN_SaveCombo.uasset" 27
"../../../../../Projects/AlphabetProject/Content/Alphabet/Art/A/Animations/Attack/A_Letter_A_Attack_1_L.uasset" 28
"../../../../../Projects/AlphabetProject/Content/Alphabet/Art/A/Animations/Attack/AM_Letter_A_Attack_1_L.uasset" 29
"../../../../../Projects/AlphabetProject/Content/Alphabet/Art/A/Animations/Attack/A_Letter_A_Attack_1_R.uasset" 30
"../../../../../Projects/AlphabetProject/Content/Alphabet/Art/A/Animations/Attack/AM_Letter_A_Attack_1_R.uasset" 31
"../../../../../Projects/AlphabetProject/Content/Alphabet/Art/A/Animations/Attack/A_Letter_A_Attack_2_L.uasset" 32
"../../../../../Projects/AlphabetProject/Content/Alphabet/Art/A/Animations/Attack/AM_Letter_A_Attack_2_L.uasset" 33
"../../../../../Projects/AlphabetProject/Content/Alphabet/Art/A/Animations/Attack/A_Letter_A_Attack_2_R.uasset" 34
"../../../../../Projects/AlphabetProject/Content/Alphabet/Art/A/Animations/Attack/AM_Letter_A_Attack_2_R.uasset" 35
"../../../../../Projects/AlphabetProject/Content/Alphabet/Core/Engine/AN_AttackEnd.uasset" 36
"../../../../../Projects/AlphabetProject/Content/Alphabet/Art/Comma/Animations/Attacks/A_Letter_Comma_Attack_1_L.uasset" 37
"../../../../../Projects/AlphabetProject/Content/Alphabet/Art/Comma/Animations/Attacks/AM_Letter_Comma_Attack_1_L.uasset" 38
"../../../../../Projects/AlphabetProject/Content/Alphabet/Art/Comma/Animations/Attacks/A_Letter_Comma_Attack_1_R.uasset" 39
"../../../../../Projects/AlphabetProject/Content/Alphabet/Art/Comma/Animations/Attacks/AM_Letter_Comma_Attack_1_R.uasset" 40
"../../../../../Projects/AlphabetProject/Content/Alphabet/Art/Comma/Animations/Attacks/A_Letter_Comma_Attack_Spin_L.uasset" 41
"../../../../../Projects/AlphabetProject/Content/Alphabet/Art/Comma/Animations/Attacks/AM_Letter_Comma_Attack_Spin_L.uasset" 42
"../../../../../Projects/AlphabetProject/Content/Alphabet/Art/Comma/Animations/Attacks/A_Letter_Comma_Attack_Spin_R.uasset" 43
"../../../../../Projects/AlphabetProject/Content/Alphabet/Art/Comma/Animations/Attacks/AM_Letter_Comma_Attack_Spin_R.uasset" 44
"../../../../../Projects/AlphabetProject/Content/Alphabet/Art/Exclamation/SKEL_Letter_Exclamation.uasset" 45
"../../../../../Projects/AlphabetProject/Content/Alphabet/Art/Exclamation/Animations/A_Letter_Exclamation_Attack_1_L.uasset" 46
"../../../../../Projects/AlphabetProject/Content/Alphabet/Art/Exclamation/Animations/AM_Letter_Exclamation_Attack_1_L.uasset" 47
"../../../../../Projects/AlphabetProject/Content/Alphabet/Art/Exclamation/Animations/A_Letter_Exclamation_Attack_1_R.uasset" 48
"../../../../../Projects/AlphabetProject/Content/Alphabet/Art/Exclamation/Animations/AM_Letter_Exclamation_Attack_1_R.uasset" 49
"../../../../../Projects/AlphabetProject/Content/Alphabet/Art/F/SKEL_Letter_F.uasset" 50
"../../../../../Projects/AlphabetProject/Content/Alphabet/Art/F/Animations/A_Letter_F_Attack_L.uasset" 51
"../../../../../Projects/AlphabetProject/Content/Alphabet/Art/F/Animations/AM_Letter_F_Attack_L.uasset" 52
"../../../../../Projects/AlphabetProject/Content/Alphabet/Art/F/Animations/A_Letter_F_Attack_R.uasset" 53
"../../../../../Projects/AlphabetProject/Content/Alphabet/Art/F/Animations/AM_Letter_F_Attack_R.uasset" 54
"../../../../../Projects/AlphabetProject/Content/Alphabet/Art/P/SKEL_Letter_P.uasset" 55
"../../../../../Projects/AlphabetProject/Content/Alphabet/Art/P/Animations/Attack/A_Letter_P_Attack_1_L.uasset" 56
"../../../../../Projects/AlphabetProject/Content/Alphabet/Art/P/Animations/Attack/AM_Letter_P_Attack_1_L.uasset" 57
"../../../../../Projects/AlphabetProject/Content/Alphabet/Art/P/Animations/Attack/A_Letter_P_Attack_1_R.uasset" 58
"../../../../../Projects/AlphabetProject/Content/Alphabet/Art/P/Animations/Attack/AM_Letter_P_Attack_1_R.uasset" 59
"../../../../../Projects/AlphabetProject/Content/Alphabet/Art/P/Animations/Attack/A_Letter_P_Attack_2_L.uasset" 60
"../../../../../Projects/AlphabetProject/Content/Alphabet/Art/P/Animations/Attack/AM_Letter_P_Attack_2_L.uasset" 61
"../../../../../Projects/AlphabetProject/Content/Alphabet/Art/P/Animations/Attack/A_Letter_P_Attack_2_R.uasset" 62
"../../../../../Projects/AlphabetProject/Content/Alphabet/Art/P/Animations/Attack/AM_Letter_P_Attack_2_R.uasset" 63
"../../../../../Projects/AlphabetProject/Content/Alphabet/Art/Query/SKEL_Letter_Query.uasset" 64
"../../../../../Projects/AlphabetProject/Content/Alphabet/Art/Query/Animations/A_Letter_Query_Attack_1_L.uasset" 65
"../../../../../Projects/AlphabetProject/Content/Alphabet/Art/Query/Animations/AM_Letter_Query_Attack_1_L.uasset" 66
"../../../../../Projects/AlphabetProject/Content/Alphabet/Art/Query/Animations/A_Letter_Query_Attack_1_R.uasset" 67
"../../../../../Projects/AlphabetProject/Content/Alphabet/Art/Query/Animations/AM_Letter_Query_Attack_1_R.uasset" 68
"../../../../../Projects/AlphabetProject/Content/Alphabet/Art/Query/Animations/A_Letter_Query_Attack_2_L.uasset" 69
"../../../../../Projects/AlphabetProject/Content/Alphabet/Art/Query/Animations/AM_Letter_Query_Attack_2_L.uasset" 70
"../../../../../Projects/AlphabetProject/Content/Alphabet/Art/Query/Animations/A_Letter_Query_Attack_2_R.uasset" 71
"../../../../../Projects/AlphabetProject/Content/Alphabet/Art/Query/Animations/AM_Letter_Query_Attack_2_R.uasset" 72
"../../../../../Projects/AlphabetProject/Content/Alphabet/Core/Engine/DT_Attacks.uasset" 73
"../../../../../Projects/AlphabetProject/Content/Alphabet/Art/A/Textures/A_low_DefaultMaterial_BaseColor.uasset" 74
"../../../../../Projects/AlphabetProject/Content/Alphabet/Art/A/Textures/A_low_DefaultMaterial_Metallic.uasset" 75
"../../../../../Projects/AlphabetProject/Content/Alphabet/Art/A/Textures/A_low_DefaultMaterial_Normal.uasset" 76
"../../../../../Projects/AlphabetProject/Content/Alphabet/Art/A/Textures/A_low_DefaultMaterial_Roughness.uasset" 77
"../../../../../Projects/AlphabetProject/Content/Alphabet/Art/A/Textures/M_A.uasset" 78
"../../../../../Projects/AlphabetProject/Content/Alphabet/Art/A/PHYS_Letter_A.uasset" 79
"../../../../../Projects/AlphabetProject/Content/Alphabet/Art/A/SK_Letter_A.uasset" 80
"../../../../../Projects/AlphabetProject/Content/Alphabet/Core/UI/WBP_HealthBar.uasset" 81
"../../../../../Projects/AlphabetProject/Content/Alphabet/Core/Characters/BP_A.uasset" 82
"../../../../../Projects/AlphabetProject/Content/Alphabet/Art/A/ABP_Letter_A.uasset" 83
"../../../../../Projects/AlphabetProject/Content/Alphabet/Art/F/Animations/A_Letter_F_Jump_End_L.uasset" 84
"../../../../../Projects/AlphabetProject/Content/Alphabet/Art/F/Animations/A_Letter_F_Jump_End_R.uasset" 85
"../../../../../Projects/AlphabetProject/Content/Alphabet/Art/F/Animations/A_Letter_F_Jump_Fall_L.uasset" 86
"../../../../../Projects/AlphabetProject/Content/Alphabet/Art/F/Animations/A_Letter_F_Jump_Fall_R.uasset" 87
"../../../../../Projects/AlphabetProject/Content/Alphabet/Art/F/Animations/A_Letter_F_Jump_Start_L.uasset" 88
"../../../../../Projects/AlphabetProject/Content/Alphabet/Art/F/Animations/A_Letter_F_Jump_Start_R.uasset" 89
"../../../../../Projects/AlphabetProject/Content/Alphabet/Art/F/Animations/A_Letter_F_Run_L.uasset" 90
"../../../../../Projects/AlphabetProject/Content/Alphabet/Art/F/Animations/A_Letter_F_Run_R.uasset" 91
"../../../../../Projects/AlphabetProject/Content/Alphabet/Art/F/Animations/A_Letter_F_Stand_L.uasset" 92
"../../../../../Projects/AlphabetProject/Content/Alphabet/Art/F/Animations/A_Letter_F_Stand_R.uasset" 93
"../../../../../Projects/AlphabetProject/Content/Alphabet/Art/F/BS_Letter_F_1D.uasset" 94
"../../../../../Projects/AlphabetProject/Content/Alphabet/Art/F/Textures/F_low_DefaultMaterial_BaseColor.uasset" 95
"../../../../../Projects/AlphabetProject/Content/Alphabet/Art/F/Textures/F_low_DefaultMaterial_Metallic.uasset" 96
"../../../../../Projects/AlphabetProject/Content/Alphabet/Art/F/Textures/F_low_DefaultMaterial_Normal.uasset" 97
"../../../../../Projects/AlphabetProject/Content/Alphabet/Art/F/Textures/F_low_DefaultMaterial_Roughness.uasset" 98
"../../../../../Projects/AlphabetProject/Content/Alphabet/Art/F/Textures/M_F.uasset" 99
"../../../../../Projects/AlphabetProject/Content/Alphabet/Art/F/PHYS_Letter_F.uasset" 100
"../../../../../Projects/AlphabetProject/Content/Alphabet/Art/F/SK_Letter_F.uasset" 101
"../../../../../Projects/AlphabetProject/Content/Alphabet/Core/Characters/BP_F.uasset" 102
"../../../../../Projects/AlphabetProject/Content/Alphabet/Art/F/ABP_Letter_F.uasset" 103
"../../../../../Projects/AlphabetProject/Content/Alphabet/Art/P/Animations/A_Letter_P_Jump_Double_L.uasset" 104
"../../../../../Projects/AlphabetProject/Content/Alphabet/Art/P/Animations/A_Letter_P_Jump_Double_R.uasset" 105
"../../../../../Projects/AlphabetProject/Content/Alphabet/Art/P/Animations/A_Letter_P_Jump_End_L.uasset" 106
"../../../../../Projects/AlphabetProject/Content/Alphabet/Art/P/Animations/A_Letter_P_Jump_End_R.uasset" 107
"../../../../../Projects/AlphabetProject/Content/Alphabet/Art/P/Animations/A_Letter_P_Jump_Fall_L.uasset" 108
"../../../../../Projects/AlphabetProject/Content/Alphabet/Art/P/Animations/A_Letter_P_Jump_Fall_R.uasset" 109
"../../../../../Projects/AlphabetProject/Content/Alphabet/Art/P/Animations/A_Letter_P_Jump_Start_L.uasset" 110
"../../../../../Projects/AlphabetProject/Content/Alphabet/Art/P/Animations/A_Letter_P_Jump_Start_R.uasset" 111
"../../../../../Projects/AlphabetProject/Content/Alphabet/Art/P/Animations/A_Letter_P_Run_L.uasset" 112
"../../../../../Projects/AlphabetProject/Content/Alphabet/Art/P/Animations/A_Letter_P_Run_R.uasset" 113
"../../../../../Projects/AlphabetProject/Content/Alphabet/Art/P/Animations/A_Letter_P_Stand_L.uasset" 114
"../../../../../Projects/AlphabetProject/Content/Alphabet/Art/P/Animations/A_Letter_P_Stand_R.uasset" 115
"../../../../../Projects/AlphabetProject/Content/Alphabet/Art/P/Animations/BS_Letter_P_1D.uasset" 116
"../../../../../Projects/AlphabetProject/Content/Alphabet/Art/P/Textures/Alphabet_P_low_DefaultMaterial_BaseColor.uasset" 117
"../../../../../Projects/AlphabetProject/Content/Alphabet/Art/P/Textures/Alphabet_P_low_DefaultMaterial_Metallic.uasset" 118
"../../../../../Projects/AlphabetProject/Content/Alphabet/Art/P/Textures/Alphabet_P_low_DefaultMaterial_Normal.uasset" 119
"../../../../../Projects/AlphabetProject/Content/Alphabet/Art/P/Textures/Alphabet_P_low_DefaultMaterial_Roughness.uasset" 120
"../../../../../Projects/AlphabetProject/Content/Alphabet/Art/P/Textures/M_P.uasset" 121
"../../../../../Projects/AlphabetProject/Content/Alphabet/Art/P/PHYS_Letter_P.uasset" 122
"../../../../../Projects/AlphabetProject/Content/Alphabet/Art/P/SK_Letter_P.uasset" 123
"../../../../../Projects/AlphabetProject/Content/Alphabet/Core/Characters/BP_P.uasset" 124
"../../../../../Projects/AlphabetProject/Content/Alphabet/Art/P/ABP_Letter_P.uasset" 125
"../../../../../Projects/AlphabetProject/Content/Alphabet/Core/Engine/S_CharacterInfo.uasset" 126
"../../../../../Projects/AlphabetProject/Content/Alphabet/Core/UI/Menu/Icons/T_A_Icon.uasset" 127
"../../../../../Projects/AlphabetProject/Content/Alphabet/Core/UI/Menu/Icons/T_F_Icon.uasset" 128
"../../../../../Projects/AlphabetProject/Content/Alphabet/Core/UI/Menu/Icons/T_P_Icon.uasset" 129
"../../../../../Projects/AlphabetProject/Content/Alphabet/Core/Engine/DT_PlayersInfo.uasset" 130
"../../../../../Projects/AlphabetProject/Content/Alphabet/Core/UI/Menu/WBP_CharacterChanger.uasset" 131
"../../../../../Projects/AlphabetProject/Content/Alphabet/Core/UI/Menu/WBP_ChangeCharacter.uasset" 132
"../../../../../Projects/AlphabetProject/Content/Alphabet/Core/UI/Menu/WBP_LevelInfo.uasset" 133
"../../../../../Projects/AlphabetProject/Content/Alphabet/Core/UI/Menu/WBP_SelectLevel.uasset" 134
"../../../../../Projects/AlphabetProject/Content/Alphabet/Core/UI/Menu/WBP_Menu.uasset" 135
"../../../../../Projects/AlphabetProject/Content/Alphabet/Core/UI/Menu/WBP_MainMenu.uasset" 136
"../../../../../Projects/AlphabetProject/Content/Alphabet/Core/UI/WBP_MainMenu.uasset" 137
"../../../../../Projects/AlphabetProject/Content/Alphabet/PostProcess/EUW_SetOutlineColor.uasset" 138
"../../../../../Projects/AlphabetProject/Content/Alphabet/PostProcess/M_CelShading.uasset" 139
"../../../../../Projects/AlphabetProject/Content/Alphabet/PostProcess/M_BlackPostProcess.uasset" 140
"../../../../../Projects/AlphabetProject/Content/Alphabet/PostProcess/MaterialInstance/MI_BlackPostProcess.uasset" 141
"../../../Engine/Content/Functions/Engine_MaterialFunctions02/HueShift.uasset" 142
"../../../Engine/Content/Functions/Engine_MaterialFunctions02/SmoothStep.uasset" 143
"../../../../../Projects/AlphabetProject/Content/Alphabet/PostProcess/Functions/MF_CompareCustomDepth.uasset" 144
"../../../../../Projects/AlphabetProject/Content/Alphabet/PostProcess/Functions/MF_GetKernel.uasset" 145
"../../../../../Projects/AlphabetProject/Content/Alphabet/PostProcess/Functions/MF_DetectEdges_Depth.uasset" 146
"../../../../../Projects/AlphabetProject/Content/Alphabet/PostProcess/Functions/MF_DetectEdges_Normal.uasset" 147
"../../../../../Projects/AlphabetProject/Content/Alphabet/PostProcess/Functions/MF_DTM_GrazingAngle.uasset" 148
"../../../../../Projects/AlphabetProject/Content/Alphabet/PostProcess/Functions/MF_GetStencilBaseColor.uasset" 149
"../../../../../Projects/AlphabetProject/Content/Alphabet/PostProcess/Functions/MF_Mask_CustomDepth.uasset" 150
"../../../../../Projects/AlphabetProject/Content/Alphabet/PostProcess/Functions/MF_MaskDepth.uasset" 151
"../../../../../Projects/AlphabetProject/Content/Alphabet/PostProcess/Functions/MF_ThicknessModulation.uasset" 152
"../../../../../Projects/AlphabetProject/Content/Alphabet/PostProcess/M_PostProcess.uasset" 153
"../../../../../Projects/AlphabetProject/Content/Alphabet/PostProcess/MaterialInstance/MI_PostProcess.uasset" 154
"../../../../../Projects/AlphabetProject/Content/Alphabet/PostProcess/MaterialInstance/MI_Outline.uasset" 155
"../../../Engine/Content/Functions/Engine_MaterialFunctions02/Math/AddComponents.uasset" 156
"../../../../../Projects/AlphabetProject/Content/Alphabet/PostProcess/M_ToonShading.uasset" 157
"../../../../../Projects/AlphabetProject/Content/Alphabet/PostProcess/MaterialInstance/MI_ToonShading.uasset" 158
"../../../Engine/Content/Animation/DefaultAnimCurveCompressionSettings.uasset" 159
"../../../Engine/Content/Functions/Engine_MaterialFunctions01/Opacity/CameraDepthFade.uasset" 160
"../../../Engine/Content/EngineMaterials/T_Default_Material_Grid_M.uasset" 161
"../../../Engine/Content/EngineMaterials/T_Default_Material_Grid_N.uasset" 162
"../../../Engine/Content/EngineMaterials/WorldGridMaterial.uasset" 163
"../../../Engine/Content/ArtTools/RenderToTexture/Meshes/S_1_Unit_Plane.uasset" 164
"../../../Engine/Content/EngineMaterials/DefaultMaterial.uasset" 165
"../../../Engine/Content/BasicShapes/Cone.uasset" 166
"../../../Engine/Content/BasicShapes/Cylinder.uasset" 167
"../../../Engine/Content/BasicShapes/Plane.uasset" 168
"../../../Engine/Content/BasicShapes/Sphere.uasset" 169
"../../../Engine/Content/EditorLandscapeResources/DataLayer.uasset" 170
"../../../Engine/Content/EditorMaterials/GizmoMaterial.uasset" 171
"../../../Engine/Content/EditorMaterials/MAT_Groups_Toggle.uasset" 172
"../../../Engine/Content/EditorMaterials/MAT_Groups_Visibility.uasset" 173
"../../../Engine/Content/EditorMaterials/PreviewShadowIndicator.uasset" 174
"../../../Engine/Content/EditorMaterials/PreviewShadowIndicatorMaterial.uasset" 175
"../../../Engine/Content/EditorMaterials/MatineeGroups/MAT_ColorTrack.uasset" 176
"../../../Engine/Content/EditorMaterials/MatineeGroups/MAT_Groups_Anim.uasset" 177
"../../../Engine/Content/EditorMaterials/MatineeGroups/MAT_Groups_AudioMaster.uasset" 178
"../../../Engine/Content/EditorMaterials/MatineeGroups/MAT_Groups_Director.uasset" 179
"../../../Engine/Content/EditorMaterials/MatineeGroups/MAT_Groups_Event.uasset" 180
"../../../Engine/Content/EditorMaterials/MatineeGroups/MAT_Groups_Fade.uasset" 181
"../../../Engine/Content/EditorMaterials/MatineeGroups/MAT_Groups_Float.uasset" 182
"../../../Engine/Content/EditorMaterials/MatineeGroups/MAT_Groups_Move.uasset" 183
"../../../Engine/Content/EditorMaterials/MatineeGroups/MAT_Groups_Slomo.uasset" 184
"../../../Engine/Content/EditorMaterials/MatineeGroups/MAT_Groups_Sound.uasset" 185
"../../../Engine/Content/EditorMaterials/MatineeGroups/MAT_Groups_Vector.uasset" 186
"../../../Engine/Content/EditorMaterials/ParticleSystems/PSysThumbnail_NoImage.uasset" 187
"../../../Engine/Content/EditorMaterials/ParticleSystems/PSysThumbnail_OOD.uasset" 188
"../../../Engine/Content/EditorMaterials/Camera/CineMat.uasset" 189
"../../../Engine/Content/EditorMaterials/Camera/MI_CineMat_Rig.uasset" 190
"../../../Engine/Content/EditorMeshes/Camera/SM_CraneRig_Arm.uasset" 191
"../../../Engine/Content/EditorMeshes/Camera/SM_CraneRig_Base.uasset" 192
"../../../Engine/Content/EditorMeshes/Camera/SM_CraneRig_Body.uasset" 193
"../../../Engine/Content/EditorMeshes/Camera/SM_CraneRig_Mount.uasset" 194
"../../../Engine/Content/EditorMeshes/Camera/SM_RailRig_Mount.uasset" 195
"../../../Engine/Content/EditorMeshes/Camera/SM_RailRig_Track.uasset" 196
"../../../Engine/Content/EditorResources/BSPVertex.uasset" 197
"../../../Engine/Content/EditorResources/EmptyActor.uasset" 198
"../../../Engine/Content/EditorResources/S_Actor.uasset" 199
"../../../Engine/Content/EditorResources/S_Note.uasset" 200
"../../../Engine/Content/EditorResources/S_Solver.uasset" 201
"../../../Engine/Content/EditorResources/S_Trigger.uasset" 202
"../../../Engine/Content/EditorResources/LightIcons/S_LightError.uasset" 203
"../../../Engine/Content/EditorResources/SequenceRecorder/Countdown.uasset" 204
"../../../Engine/Content/EditorResources/SequenceRecorder/RecordingIndicator.uasset" 205
"../../../Engine/Content/EditorSounds/Notifications/CompileFailed.uasset" 206
"../../../Engine/Content/EditorSounds/Notifications/CompileFailed_Cue.uasset" 207
"../../../Engine/Content/EditorSounds/Notifications/CompileSuccess.uasset" 208
"../../../Engine/Content/EditorSounds/Notifications/CompileStart_Cue.uasset" 209
"../../../Engine/Content/EditorSounds/Notifications/CompileSuccess_Cue.uasset" 210
"../../../Engine/Content/EngineDamageTypes/DmgTypeBP_Environmental.uasset" 211
"../../../Engine/Content/EngineDebugMaterials/HeatmapGradient.uasset" 212
"../../../Engine/Content/EngineDebugMaterials/BoneWeightMaterial.uasset" 213
"../../../Engine/Content/EngineDebugMaterials/ClothMaterial.uasset" 214
"../../../Engine/Content/EngineDebugMaterials/ClothMaterial_WF.uasset" 215
"../../../Engine/Content/EngineDebugMaterials/DebugEditorMaterial.uasset" 216
"../../../Engine/Content/EngineDebugMaterials/DebugMeshMaterial.uasset" 217
"../../../Engine/Content/EngineDebugMaterials/GeomMaterial.uasset" 218
"../../../Engine/Content/EngineDebugMaterials/M_SimpleTranslucent.uasset" 219
"../../../Engine/Content/Functions/Engine_MaterialFunctions02/Utility/CameraDirectionVector.uasset" 220
"../../../Engine/Content/EngineDebugMaterials/VolumeToRender.uasset" 221
"../../../Engine/Content/EngineDebugMaterials/M_VolumeRenderSphereTracePP.uasset" 222
"../../../Engine/Content/EngineDebugMaterials/WireframeMaterial.uasset" 223
"../../../Engine/Content/EngineFonts/Faces/RobotoBold.uasset" 224
"../../../Engine/Content/EngineFonts/Faces/RobotoBoldItalic.uasset" 225
"../../../Engine/Content/EngineFonts/Faces/RobotoItalic.uasset" 226
"../../../Engine/Content/EngineFonts/Faces/RobotoLight.uasset" 227
"../../../Engine/Content/EngineFonts/Faces/RobotoRegular.uasset" 228
"../../../Engine/Content/EngineFonts/Roboto.uasset" 229
"../../../Engine/Content/EngineMaterials/BaseFlattenDiffuseMap.uasset" 230
"../../../Engine/Content/EngineMaterials/BaseFlattenEmissiveMap.uasset" 231
"../../../Engine/Content/EngineMaterials/BaseFlattenGrayscaleMap.uasset" 232
"../../../Engine/Content/EngineMaterials/BaseFlattenNormalMap.uasset" 233
"../../../Engine/Content/EngineMaterials/BaseFlattenMaterial.uasset" 234
"../../../Engine/Content/EngineMaterials/BlueNoise.uasset" 235
"../../../Engine/Content/EngineMaterials/DefaultBloomKernel.uasset" 236
"../../../Engine/Content/EngineMaterials/DefaultBokeh.uasset" 237
"../../../Engine/Content/EngineMaterials/DefaultDiffuse.uasset" 238
"../../../Engine/Content/EngineMaterials/DefaultDeferredDecalMaterial.uasset" 239
"../../../Engine/Content/EngineMaterials/DefaultLightFunctionMaterial.uasset" 240
"../../../Engine/Content/EngineMaterials/DefaultPhysicalMaterial.uasset" 241
"../../../Engine/Content/Functions/Engine_MaterialFunctions02/Utility/BreakOutFloat2Components.uasset" 242
"../../../Engine/Content/EngineMaterials/DefaultPostProcessMaterial.uasset" 243
"../../../Engine/Content/EngineFonts/RobotoDistanceField.uasset" 244
"../../../Engine/Content/EngineMaterials/DefaultTextMaterialOpaque.uasset" 245
"../../../Engine/Content/EngineMaterials/DefaultVirtualTextureMaterial.uasset" 246
"../../../Engine/Content/EngineMaterials/DefaultWhiteGrid.uasset" 247
"../../../Engine/Content/EngineMaterials/EditorBrushMaterial.uasset" 248
"../../../Engine/Content/EngineMaterials/DefaultWhiteGrid_Low.uasset" 249
"../../../Engine/Content/EngineMaterials/EmissiveMeshMaterial.uasset" 250
"../../../Engine/Content/EngineMaterials/Good64x64TilingNoiseHighFreq.uasset" 251
"../../../Engine/Content/EngineMaterials/MiniFont.uasset" 252
"../../../Engine/Content/EngineMaterials/InvalidLightmapSettings.uasset" 253
"../../../Engine/Content/EngineMaterials/M_InvalidLightmapSettings.uasset" 254
"../../../Engine/Content/Functions/Engine_MaterialFunctions02/WorldPositionOffset/CameraOffset.uasset" 255
"../../../Engine/Content/EngineMaterials/PhAT_JointLimitMaterial.uasset" 256
"../../../Engine/Content/EngineMaterials/PreintegratedSkinBRDF.uasset" 257
"../../../Engine/Content/EngineMaterials/RemoveSurfaceMaterial.uasset" 258
"../../../Engine/Content/EngineMaterials/WeightMapPlaceholderTexture.uasset" 259
"../../../Engine/Content/EngineResources/WhiteSquareTexture.uasset" 260
"../../../Engine/Content/EngineMaterials/Widget3DPassThrough.uasset" 261
"../../../Engine/Content/EngineMaterials/Widget3DPassThrough_Masked.uasset" 262
"../../../Engine/Content/EngineMaterials/Widget3DPassThrough_Opaque.uasset" 263
"../../../Engine/Content/EngineMaterials/Widget3DPassThrough_Masked_OneSided.uasset" 264
"../../../Engine/Content/EngineMaterials/Widget3DPassThrough_Opaque_OneSided.uasset" 265
"../../../Engine/Content/EngineMaterials/Widget3DPassThrough_Translucent.uasset" 266
"../../../Engine/Content/EngineMaterials/Widget3DPassThrough_Translucent_OneSided.uasset" 267
"../../../Engine/Content/EngineMeshes/Cylinder.uasset" 268
"../../../Engine/Content/EngineMeshes/Sphere.uasset" 269
"../../../Engine/Content/EngineResources/Black.uasset" 270
"../../../Engine/Content/EngineResources/DefaultTexture.uasset" 271
"../../../Engine/Content/EngineResources/DefaultTextureCube.uasset" 272
"../../../Engine/Content/EngineResources/DefaultVolumeTexture2D.uasset" 273
"../../../Engine/Content/EngineResources/DefaultVolumeTexture.uasset" 274
"../../../Engine/Content/EngineResources/GradientTexture0.uasset" 275
"../../../Engine/Content/EngineSounds/Master.uasset" 276
"../../../Engine/Content/Functions/Engine_MaterialFunctions01/Shading/ConvertFromDiffSpec.uasset" 277
"../../../Engine/Content/Functions/Engine_MaterialFunctions01/Shading/PowerToRoughness.uasset" 278
"../../../Engine/Content/Maps/Templates/Thumbnails/Default.uasset" 279
"../../../Engine/Content/Maps/Templates/Thumbnails/VR-Basic.uasset" 280
"../../../Engine/Content/MobileResources/T_MobileControls_texture.uasset" 281
"../../../Engine/Content/MobileResources/T_MobileMenu2.uasset" 282
"../../../Engine/Content/MobileResources/HUD/AnalogHat.uasset" 283
"../../../Engine/Content/MobileResources/HUD/VirtualJoystick_Background.uasset" 284
"../../../Engine/Content/MobileResources/HUD/VirtualJoystick_Thumb.uasset" 285
"../../../Engine/Content/MobileResources/HUD/DefaultVirtualJoysticks.uasset" 286
"../../../Engine/Content/MobileResources/HUD/LeftVirtualJoystickOnly.uasset" 287
"../../../Engine/Content/MobileResources/HUD/MobileHUDButton1_off.uasset" 288
"../../../Engine/Content/MobileResources/HUD/MobileHUDButton1_on.uasset" 289
"../../../Engine/Content/MobileResources/HUD/MobileHUDButton2_off.uasset" 290
"../../../Engine/Content/MobileResources/HUD/MobileHUDButton2_on.uasset" 291
"../../../Engine/Content/MobileResources/HUD/MobileHUDButton3.uasset" 292
"../../../Engine/Content/MobileResources/HUD/MobileHUDButtonFire.uasset" 293
"../../../Engine/Content/MobileResources/HUD/MobileHUDDirectionPad.uasset" 294
"../../../Engine/Content/MobileResources/HUD/MobileHUDDirectionPad2.uasset" 295
"../../../Engine/Content/MobileResources/HUD/MobileHUDDirectionPad3.uasset" 296
"../../../Engine/Content/MobileResources/HUD/MobileHUDDirectionStick.uasset" 297
"../../../Engine/Content/MobileResources/HUD/T_Castle_ThumbstickInner.uasset" 298
"../../../Engine/Content/MobileResources/HUD/T_Castle_ThumbstickOutter.uasset" 299
"../../../Engine/Content/Tutorial/ContentIntroCurve.uasset" 300
"../../../Engine/Content/Tutorial/Basics/LevelEditorAttract.uasset" 301
"../../../Engine/Content/Tutorial/Basics/TutorialAssets/icon_tab_Levels_40x.uasset" 302
"../../../Engine/Content/Tutorial/Basics/LevelEditorOverview.uasset" 303
"../../../Engine/Content/VREditor/LaserPointer/VR_LaserPower_01.uasset" 304
"../../../Engine/Content/VREditor/TransformGizmo/TransformGizmoMaterial.uasset" 305
"../../../Engine/Content/VREditor/TransformGizmo/TranslucentTransformGizmoMaterial.uasset" 306
"../../../Engine/Content/VREditor/TransformGizmo/BoundingBoxCorner.uasset" 307
"../../../Engine/Content/VREditor/TransformGizmo/BoundingBoxEdge.uasset" 308
"../../../Engine/Content/VREditor/TransformGizmo/PlaneTranslationHandle.uasset" 309
"../../../Engine/Content/VREditor/TransformGizmo/Main.uasset" 310
"../../../Engine/Content/VREditor/TransformGizmo/Xray.uasset" 311
"../../../Engine/Content/VREditor/TransformGizmo/SM_Sequencer_Key.uasset" 312
"../../../Engine/Content/VREditor/TransformGizmo/SM_Sequencer_Node.uasset" 313
"../../Plugins/2D/Paper2D/Content/PlaceholderTextures/DummySpriteTexture.uasset" 314
"../../Plugins/2D/Paper2D/Content/DummySprite.uasset" 315
"../../Plugins/2D/Paper2D/Content/DefaultPaperTerrainMaterial.uasset" 316
"../../Plugins/2D/Paper2D/Content/DummySpriteTexture.uasset" 317
"../../Plugins/2D/Paper2D/Content/DefaultSpriteMaterial.uasset" 318
"../../Plugins/2D/Paper2D/Content/MaskedUnlitSpriteMaterial.uasset" 319
"../../Plugins/2D/Paper2D/Content/OpaqueUnlitSpriteMaterial.uasset" 320
"../../Plugins/Runtime/Oculus/OculusVR/Content/OculusMR_RenderTarget.uasset" 321
"../../../Engine/Content/Functions/Engine_MaterialFunctions02/Utility/BreakOutFloat4Components.uasset" 322
"../../../Engine/Content/Functions/Engine_MaterialFunctions02/Utility/MakeFloat2.uasset" 323
"../../../Engine/Content/Functions/Engine_MaterialFunctions02/Utility/MakeFloat3.uasset" 324
"../../Plugins/Runtime/Oculus/OculusVR/Content/Materials/OculusMR_ChromaKey.uasset" 325
"../../Plugins/Runtime/Oculus/OculusVR/Content/Materials/OculusMR_ChromaKey_Lit.uasset" 326
"../../Plugins/Runtime/Oculus/OculusVR/Content/Materials/OculusMR_OpaqueColoredMaterial.uasset" 327
"../../Plugins/Runtime/Oculus/OculusVR/Content/Materials/OculusMR_WhiteMaterial.uasset" 328
"../../../../../Projects/AlphabetProject/Content/Alphabet/Art/Comma/Animations/A_Letter_Comma_Damage_L.uasset" 329
"../../../../../Projects/AlphabetProject/Content/Alphabet/Art/Comma/Animations/AM_Letter_Comma_Damage_L.uasset" 330
"../../../../../Projects/AlphabetProject/Content/Alphabet/Art/Comma/Animations/A_Letter_Comma_Damage_R.uasset" 331
"../../../../../Projects/AlphabetProject/Content/Alphabet/Art/Comma/Animations/AM_Letter_Comma_Damage_R.uasset" 332
"../../../../../Projects/AlphabetProject/Content/Alphabet/Art/Comma/Animations/A_Letter_Comma_Run_L.uasset" 333
"../../../../../Projects/AlphabetProject/Content/Alphabet/Art/Comma/Animations/A_Letter_Comma_Run_R.uasset" 334
"../../../../../Projects/AlphabetProject/Content/Alphabet/Art/Comma/Animations/A_Letter_Comma_Stand.uasset" 335
"../../../../../Projects/AlphabetProject/Content/Alphabet/Art/Comma/BS_Letter_Comma_Movement_1D.uasset" 336
"../../../../../Projects/AlphabetProject/Content/Alphabet/Art/Comma/ABP_Letter_Comma.uasset" 337
"../../../../../Projects/AlphabetProject/Content/Alphabet/Core/AI/BB_Data.uasset" 338
"../../../../../Projects/AlphabetProject/Content/Alphabet/Core/AI/Tasks/BTT_Attack.uasset" 339
"../../../../../Projects/AlphabetProject/Content/Alphabet/Core/AI/BehaviorTrees/BT_Comma.uasset" 340
"../../../../../Projects/AlphabetProject/Content/Alphabet/Core/AI/BP_AiController.uasset" 341
"../../../../../Projects/AlphabetProject/Content/Alphabet/Art/Comma/Textures/__low_DefaultMaterial_BaseColor.uasset" 342
"../../../../../Projects/AlphabetProject/Content/Alphabet/Art/Comma/Textures/__low_DefaultMaterial_Metallic.uasset" 343
"../../../../../Projects/AlphabetProject/Content/Alphabet/Art/Comma/Textures/__low_DefaultMaterial_Normal.uasset" 344
"../../../../../Projects/AlphabetProject/Content/Alphabet/Art/Comma/Textures/__low_DefaultMaterial_Roughness.uasset" 345
"../../../../../Projects/AlphabetProject/Content/Alphabet/Art/Comma/Textures/M_Comma.uasset" 346
"../../../../../Projects/AlphabetProject/Content/Alphabet/Art/Comma/SK_Letter_Comma.uasset" 347
"../../../../../Projects/AlphabetProject/Content/Alphabet/Core/Characters/BP_Comma.uasset" 348
"../../../../../Projects/AlphabetProject/Content/Alphabet/Art/Exclamation/Animations/A_Letter_Exclamation_Damage_L.uasset" 349
"../../../../../Projects/AlphabetProject/Content/Alphabet/Art/Exclamation/Animations/AM_Letter_Exclamation_Damage_L.uasset" 350
"../../../../../Projects/AlphabetProject/Content/Alphabet/Art/Exclamation/Animations/A_Letter_Exclamation_Damage_R.uasset" 351
"../../../../../Projects/AlphabetProject/Content/Alphabet/Art/Exclamation/Animations/AM_Letter_Exclamation_Damage_R.uasset" 352
"../../../../../Projects/AlphabetProject/Content/Alphabet/Art/Exclamation/Animations/A_Letter_Exclamation_Fall_L.uasset" 353
"../../../../../Projects/AlphabetProject/Content/Alphabet/Art/Exclamation/Animations/A_Letter_Exclamation_Fall_R.uasset" 354
"../../../../../Projects/AlphabetProject/Content/Alphabet/Art/Exclamation/Animations/A_Letter_Exclamation_Run_L.uasset" 355
"../../../../../Projects/AlphabetProject/Content/Alphabet/Art/Exclamation/Animations/A_Letter_Exclamation_Run_R.uasset" 356
"../../../../../Projects/AlphabetProject/Content/Alphabet/Art/Exclamation/Animations/A_Letter_Exclamation_Stand_L.uasset" 357
"../../../../../Projects/AlphabetProject/Content/Alphabet/Art/Exclamation/Animations/A_Letter_Exclamation_Stand_R.uasset" 358
"../../../../../Projects/AlphabetProject/Content/Alphabet/Art/Exclamation/BS_Letter_Exclamation_Movement_1D.uasset" 359
"../../../../../Projects/AlphabetProject/Content/Alphabet/Art/Exclamation/ABP_Letter_Exclamation.uasset" 360
"../../../../../Projects/AlphabetProject/Content/Alphabet/Art/Exclamation/Textures/__low_DefaultMaterial_BaseColor.uasset" 361
"../../../../../Projects/AlphabetProject/Content/Alphabet/Art/Exclamation/Textures/__low_DefaultMaterial_Metallic.uasset" 362
"../../../../../Projects/AlphabetProject/Content/Alphabet/Art/Exclamation/Textures/__low_DefaultMaterial_Normal.uasset" 363
"../../../../../Projects/AlphabetProject/Content/Alphabet/Art/Exclamation/Textures/__low_DefaultMaterial_Roughness.uasset" 364
"../../../../../Projects/AlphabetProject/Content/Alphabet/Art/Exclamation/Textures/M_Exclamation.uasset" 365
"../../../../../Projects/AlphabetProject/Content/Alphabet/Art/Exclamation/PHYS_Letter_Exclamation.uasset" 366
"../../../../../Projects/AlphabetProject/Content/Alphabet/Art/Exclamation/SK_Letter_Exclamation.uasset" 367
"../../../../../Projects/AlphabetProject/Content/Alphabet/Core/Characters/BP_Exclamation.uasset" 368
"../../../../../Projects/AlphabetProject/Content/Alphabet/Art/Query/Animations/A_Letter_Query_Damage_1_L.uasset" 369
"../../../../../Projects/AlphabetProject/Content/Alphabet/Art/Query/Animations/AM_Letter_Query_Damage_1_L.uasset" 370
"../../../../../Projects/AlphabetProject/Content/Alphabet/Art/Query/Animations/A_Letter_Query_Damage_1_R.uasset" 371
"../../../../../Projects/AlphabetProject/Content/Alphabet/Art/Query/Animations/AM_Letter_Query_Damage_1_R.uasset" 372
"../../../../../Projects/AlphabetProject/Content/Alphabet/Art/Query/Animations/A_Letter_Query_Fall_L.uasset" 373
"../../../../../Projects/AlphabetProject/Content/Alphabet/Art/Query/Animations/A_Letter_Query_Fall_R.uasset" 374
"../../../../../Projects/AlphabetProject/Content/Alphabet/Art/Query/Animations/A_Letter_Query_Run_L.uasset" 375
"../../../../../Projects/AlphabetProject/Content/Alphabet/Art/Query/Animations/A_Letter_Query_Run_R.uasset" 376
"../../../../../Projects/AlphabetProject/Content/Alphabet/Art/Query/Animations/A_Letter_Query_Stand_L.uasset" 377
"../../../../../Projects/AlphabetProject/Content/Alphabet/Art/Query/Animations/A_Letter_Query_Stand_R.uasset" 378
"../../../../../Projects/AlphabetProject/Content/Alphabet/Art/Query/BS_Letter_Query_Movement_1D.uasset" 379
"../../../../../Projects/AlphabetProject/Content/Alphabet/Art/Query/ABP_Letter_Query.uasset" 380
"../../../../../Projects/AlphabetProject/Content/Alphabet/Art/Query/Textures/T_Letter_Query_D.uasset" 381
"../../../../../Projects/AlphabetProject/Content/Alphabet/Art/Query/Textures/T_Letter_Query_M.uasset" 382
"../../../../../Projects/AlphabetProject/Content/Alphabet/Art/Query/Textures/T_Letter_Query_N.uasset" 383
"../../../../../Projects/AlphabetProject/Content/Alphabet/Art/Query/Textures/T_Letter_Query_R.uasset" 384
"../../../../../Projects/AlphabetProject/Content/Alphabet/Art/Query/Textures/M_Letter_Query.uasset" 385
"../../../../../Projects/AlphabetProject/Content/Alphabet/Art/Query/PHYS_Letter_Query.uasset" 386
"../../../../../Projects/AlphabetProject/Content/Alphabet/Art/Query/SK_Letter_Query.uasset" 387
"../../../../../Projects/AlphabetProject/Content/Alphabet/Core/Characters/BP_Query.uasset" 388
"../../../../../Projects/AlphabetProject/Content/Alphabet/Core/AI/BP_LinkProxy.uasset" 389
"../../../../../Projects/AlphabetProject/Content/Alphabet/Core/Engine/BP_WorldCamera.uasset" 390
"../../../../../Projects/AlphabetProject/Content/Alphabet/Core/Engine/PC_Main.uasset" 391
"../../../../../Projects/AlphabetProject/Content/Alphabet/Core/Engine/PS_Main.uasset" 392
"../../../../../Projects/AlphabetProject/Content/Alphabet/Core/UI/WBP_Main.uasset" 393
"../../../../../Projects/AlphabetProject/Content/Alphabet/Core/UI/HUD_Main.uasset" 394
"../../../../../Projects/AlphabetProject/Content/Alphabet/Core/Engine/GM_Main.uasset" 395
"../../../../../Projects/AlphabetProject/Content/Alphabet/Maps/Level_Train_BuiltData.uasset" 396
"../../../../../Projects/AlphabetProject/Content/Alphabet/PostProcess/NewMaterial.uasset" 397
"../../../../../Projects/AlphabetProject/Content/Alphabet/PostProcess/tekstura-lista-bumagi-v-kletku.uasset" 398
"../../../../../Projects/AlphabetProject/Content/Alphabet/PostProcess/tekstura-lista-bumagi-v-kletku_Mat.uasset" 399
"../../../../../Projects/AlphabetProject/Content/Geometry/Meshes/CubeMaterial.uasset" 400
"../../../../../Projects/AlphabetProject/Content/Geometry/Meshes/1M_Cube.uasset" 401
"../../../../../Projects/AlphabetProject/Content/Geometry/Meshes/TemplateFloor.uasset" 402
"../../../../../Projects/AlphabetProject/Content/Alphabet/Maps/Level_Train.umap" 403
"../../../../../Projects/AlphabetProject/Content/Alphabet/Core/Engine/GM_Menu.uasset" 404
"../../../../../Projects/AlphabetProject/Content/Alphabet/Maps/MenuMap_BuiltData.uasset" 405
"../../../Engine/Content/BasicShapes/BasicShapeMaterial.uasset" 406
"../../../Engine/Content/BasicShapes/Cube.uasset" 407
"../../../../../Projects/AlphabetProject/Content/Alphabet/Maps/MenuMap.umap" 408
"../../../Engine/Content/Maps/Entry_BuiltData.uasset" 409
"../../../Engine/Content/Maps/Entry.umap" 410
